<?xml version="1.0" encoding="UTF-8"?>
<testsuite name="SimpleLinkedListTest" tests="7" skipped="0" failures="0" errors="0" timestamp="2024-04-19T07:27:29" hostname="GANGADHAR" time="0.082">
  <properties/>
  <testcase name="canReturnListAsArray()" classname="SimpleLinkedListTest" time="0.051"/>
  <testcase name="reverseReversesList()" classname="SimpleLinkedListTest" time="0.005"/>
  <testcase name="canCreateFromArray()" classname="SimpleLinkedListTest" time="0.006"/>
  <testcase name="canReturnEmptyListAsEmptyArray()" classname="SimpleLinkedListTest" time="0.002"/>
  <testcase name="popOnEmptyListWillThrow()" classname="SimpleLinkedListTest" time="0.007"/>
  <testcase name="popReturnsLastAddedElement()" classname="SimpleLinkedListTest" time="0.002"/>
  <testcase name="aNewListIsEmpty()" classname="SimpleLinkedListTest" time="0.0"/>
  <system-out><![CDATA[]]></system-out>
  <system-err><![CDATA[]]></system-err>
</testsuite>
